<?xml version="1.0" encoding="UTF-8"?>
<testng-results ignored="0" total="1" passed="1" failed="0" skipped="0">
  <reporter-output>
  </reporter-output>
  <suite started-at="2018-02-21T21:18:41Z" name="Default suite" finished-at="2018-02-21T21:18:48Z" duration-ms="6474">
    <groups>
    </groups>
    <test started-at="2018-02-21T21:18:41Z" name="Default test" finished-at="2018-02-21T21:18:48Z" duration-ms="6474">
      <class name="MavenSeleniumJenkin.TC_001">
        <test-method signature="login()[pri:0, instance:MavenSeleniumJenkin.TC_001@2e377400]" started-at="2018-02-21T21:18:41Z" name="login" finished-at="2018-02-21T21:18:48Z" duration-ms="6442" status="PASS">
          <reporter-output>
          </reporter-output>
        </test-method> <!-- login -->
      </class> <!-- MavenSeleniumJenkin.TC_001 -->
    </test> <!-- Default test -->
  </suite> <!-- Default suite -->
</testng-results>
